[debug] [2023-09-02T20:49:50.200Z] ----------------------------------------------------------------------
[debug] [2023-09-02T20:49:50.202Z] Command:       C:\Program Files\nodejs\node.exe C:\Users\aldan\AppData\Roaming\npm\node_modules\firebase-tools\lib\bin\firebase.js init
[debug] [2023-09-02T20:49:50.203Z] CLI Version:   12.5.2
[debug] [2023-09-02T20:49:50.203Z] Platform:      win32
[debug] [2023-09-02T20:49:50.203Z] Node Version:  v17.0.1
[debug] [2023-09-02T20:49:50.204Z] Time:          Sat Sep 02 2023 17:49:50 GMT-0300 (hora estándar de Argentina)
[debug] [2023-09-02T20:49:50.204Z] ----------------------------------------------------------------------
[debug] 
[debug] [2023-09-02T20:49:50.206Z] >>> [apiv2][query] GET https://firebase-public.firebaseio.com/cli.json [none]
[debug] [2023-09-02T20:49:50.284Z] > command requires scopes: ["email","openid","https://www.googleapis.com/auth/cloudplatformprojects.readonly","https://www.googleapis.com/auth/firebase","https://www.googleapis.com/auth/cloud-platform"]
[debug] [2023-09-02T20:49:50.284Z] > authorizing via signed-in user (aldanamartu@gmail.com)
[info] 
     ######## #### ########  ######## ########     ###     ######  ########
     ##        ##  ##     ## ##       ##     ##  ##   ##  ##       ##
     ######    ##  ########  ######   ########  #########  ######  ######
     ##        ##  ##    ##  ##       ##     ## ##     ##       ## ##
     ##       #### ##     ## ######## ########  ##     ##  ######  ########

You're about to initialize a Firebase project in this directory:

  C:\Users\aldan\Documents\REACT47115\proyectofinalmartucci

[debug] [2023-09-02T20:49:50.732Z] <<< [apiv2][status] GET https://firebase-public.firebaseio.com/cli.json 200
[debug] [2023-09-02T20:49:50.733Z] <<< [apiv2][body] GET https://firebase-public.firebaseio.com/cli.json {"cloudBuildErrorAfter":1594252800000,"cloudBuildWarnAfter":1590019200000,"defaultNode10After":1594252800000,"minVersion":"3.0.5","node8DeploysDisabledAfter":1613390400000,"node8RuntimeDisabledAfter":1615809600000,"node8WarnAfter":1600128000000}
